<?xml version="1.0" encoding="UTF-8"?>
<testsuite xmlns:xsi="http://www.w3.org/2001/XMLSchema-instance" xsi:noNamespaceSchemaLocation="https://maven.apache.org/surefire/maven-surefire-plugin/xsd/surefire-test-report-3.0.xsd" version="3.0" name="cucumber.Options.TestRunner" time="7.983" tests="2" errors="0" skipped="0" failures="0">
  <properties>
[...]
</properties>
  <testcase name="Verify that Place is added successfully using AddPlaceAPI" classname="Validating Place APIs" time="5.176"/>
  <testcase name="Verify if delete place functionality is working" classname="Validating Place APIs" time="2.261"/>
</testsuite>